<?xml version="1.0" encoding="UTF-8"?>
<testsuite name="DeliveryTest" tests="1" skipped="0" failures="0" errors="0" timestamp="2023-05-04T15:39:07" hostname="LAPTOP-ES36UKEU" time="100.05">
  <properties/>
  <testcase name="applicationForCardDeliveryWithValidData()" classname="DeliveryTest" time="100.05"/>
  <system-out><![CDATA[]]></system-out>
  <system-err><![CDATA[SLF4J: Failed to load class "org.slf4j.impl.StaticLoggerBinder".
SLF4J: Defaulting to no-operation (NOP) logger implementation
SLF4J: See http://www.slf4j.org/codes.html#StaticLoggerBinder for further details.
Starting ChromeDriver 113.0.5672.63 (0e1a4471d5ae5bf128b1bd8f4d627c8cbd55f70c-refs/branch-heads/5672@{#912}) on port 19175
Only local connections are allowed.
Please see https://chromedriver.chromium.org/security-considerations for suggestions on keeping ChromeDriver safe.
ChromeDriver was started successfully.
мая 04, 2023 6:40:15 PM org.openqa.selenium.remote.ProtocolHandshake createSession
INFO: Detected dialect: W3C
]]></system-err>
</testsuite>
